;  LST file generated by mikroListExporter - v.2.0 
; Date/Time: 8/8/2024 5:16:51 PM
;----------------------------------------------

;Address Opcode 	ASM
0x0000	0x2978      	GOTO       376
_____DoICP:
;__Lib_System.c,6 :: 		
;__Lib_System.c,9 :: 		
0x0003	0x1283      	BCF        STATUS, 5
0x0004	0x1303      	BCF        STATUS, 6
0x0005	0x0831      	MOVF       ___DoICPAddr+1, 0
0x0006	0x008A      	MOVWF      PCLATH
;__Lib_System.c,10 :: 		
0x0007	0x0830      	MOVF       ___DoICPAddr, 0
0x0008	0x0082      	MOVWF      PCL
;__Lib_System.c,12 :: 		
L_end_____DoICP:
0x0009	0x0008      	RETURN
; end of _____DoICP
___CC2DW:
;__Lib_System.c,134 :: 		
;__Lib_System.c,137 :: 		
_CC2D_Loop1:
;__Lib_System.c,139 :: 		
0x000A	0x2003      	CALL       _____DoICP
0x000B	0x118A      	BCF        PCLATH, 3
0x000C	0x120A      	BCF        PCLATH, 4
;__Lib_System.c,141 :: 		
0x000D	0x0080      	MOVWF      INDF
;__Lib_System.c,142 :: 		
0x000E	0x0A84      	INCF       FSR, 1
;__Lib_System.c,143 :: 		
0x000F	0x0AB0      	INCF       ___DoICPAddr, 1
;__Lib_System.c,145 :: 		
0x0010	0x1903      	BTFSC      STATUS, 2
;__Lib_System.c,146 :: 		
0x0011	0x0AB1      	INCF       ___DoICPAddr+1, 1
;__Lib_System.c,147 :: 		
0x0012	0x03F0      	DECF       R0, 1
;__Lib_System.c,149 :: 		
0x0013	0x1D03      	BTFSS      STATUS, 2
;__Lib_System.c,150 :: 		
0x0014	0x280A      	GOTO       _CC2D_Loop1
;__Lib_System.c,152 :: 		
L_end___CC2DW:
0x0015	0x0008      	RETURN
; end of ___CC2DW
_Manual:
;MyProject.c,65 :: 		void Manual()
;MyProject.c,67 :: 		if (porta.b0 == 0)
0x0016	0x1283      	BCF        STATUS, 5
0x0017	0x1303      	BCF        STATUS, 6
0x0018	0x1805      	BTFSC      PORTA, 0
0x0019	0x2845      	GOTO       L_Manual23
;MyProject.c,69 :: 		portd = 0b00000011;
0x001A	0x3003      	MOVLW      3
0x001B	0x0088      	MOVWF      PORTD
;MyProject.c,70 :: 		for (count2; count2 >= 0; count2--)
L_Manual24:
0x001C	0x3080      	MOVLW      128
0x001D	0x0625      	XORWF      _count2+1, 0
0x001E	0x00F0      	MOVWF      R0
0x001F	0x3080      	MOVLW      128
0x0020	0x0270      	SUBWF      R0, 0
0x0021	0x1D03      	BTFSS      STATUS, 2
0x0022	0x2825      	GOTO       L__Manual46
0x0023	0x3000      	MOVLW      0
0x0024	0x0224      	SUBWF      _count2, 0
L__Manual46:
0x0025	0x1C03      	BTFSS      STATUS, 0
0x0026	0x283E      	GOTO       L_Manual25
;MyProject.c,72 :: 		portc = 0b00001010;
0x0027	0x300A      	MOVLW      10
0x0028	0x0087      	MOVWF      PORTC
;MyProject.c,73 :: 		portb = count2;
0x0029	0x0824      	MOVF       _count2, 0
0x002A	0x0086      	MOVWF      PORTB
;MyProject.c,74 :: 		delay_ms(1000);
0x002B	0x300B      	MOVLW      11
0x002C	0x00FB      	MOVWF      R11
0x002D	0x3026      	MOVLW      38
0x002E	0x00FC      	MOVWF      R12
0x002F	0x305D      	MOVLW      93
0x0030	0x00FD      	MOVWF      R13
L_Manual27:
0x0031	0x0BFD      	DECFSZ     R13, 1
0x0032	0x2831      	GOTO       L_Manual27
0x0033	0x0BFC      	DECFSZ     R12, 1
0x0034	0x2831      	GOTO       L_Manual27
0x0035	0x0BFB      	DECFSZ     R11, 1
0x0036	0x2831      	GOTO       L_Manual27
0x0037	0x0000      	NOP
0x0038	0x0000      	NOP
;MyProject.c,70 :: 		for (count2; count2 >= 0; count2--)
0x0039	0x3001      	MOVLW      1
0x003A	0x02A4      	SUBWF      _count2, 1
0x003B	0x1C03      	BTFSS      STATUS, 0
0x003C	0x03A5      	DECF       _count2+1, 1
;MyProject.c,75 :: 		}
0x003D	0x281C      	GOTO       L_Manual24
L_Manual25:
;MyProject.c,76 :: 		portc = 0b00001100;
0x003E	0x300C      	MOVLW      12
0x003F	0x0087      	MOVWF      PORTC
;MyProject.c,77 :: 		count3 = 3;
0x0040	0x3003      	MOVLW      3
0x0041	0x00A6      	MOVWF      _count3
0x0042	0x3000      	MOVLW      0
0x0043	0x00A7      	MOVWF      _count3+1
;MyProject.c,78 :: 		}
0x0044	0x2871      	GOTO       L_Manual28
L_Manual23:
;MyProject.c,79 :: 		else if (porta.b0 == 1)
0x0045	0x1C05      	BTFSS      PORTA, 0
0x0046	0x2871      	GOTO       L_Manual29
;MyProject.c,81 :: 		portd = 0b00001100;
0x0047	0x300C      	MOVLW      12
0x0048	0x0088      	MOVWF      PORTD
;MyProject.c,82 :: 		for (count3; count3 >= 0; count3--)
L_Manual30:
0x0049	0x3080      	MOVLW      128
0x004A	0x0627      	XORWF      _count3+1, 0
0x004B	0x00F0      	MOVWF      R0
0x004C	0x3080      	MOVLW      128
0x004D	0x0270      	SUBWF      R0, 0
0x004E	0x1D03      	BTFSS      STATUS, 2
0x004F	0x2852      	GOTO       L__Manual47
0x0050	0x3000      	MOVLW      0
0x0051	0x0226      	SUBWF      _count3, 0
L__Manual47:
0x0052	0x1C03      	BTFSS      STATUS, 0
0x0053	0x286B      	GOTO       L_Manual31
;MyProject.c,84 :: 		portc = 0b00010001;
0x0054	0x3011      	MOVLW      17
0x0055	0x0087      	MOVWF      PORTC
;MyProject.c,85 :: 		portb = count3;
0x0056	0x0826      	MOVF       _count3, 0
0x0057	0x0086      	MOVWF      PORTB
;MyProject.c,86 :: 		delay_ms(1000);
0x0058	0x300B      	MOVLW      11
0x0059	0x00FB      	MOVWF      R11
0x005A	0x3026      	MOVLW      38
0x005B	0x00FC      	MOVWF      R12
0x005C	0x305D      	MOVLW      93
0x005D	0x00FD      	MOVWF      R13
L_Manual33:
0x005E	0x0BFD      	DECFSZ     R13, 1
0x005F	0x285E      	GOTO       L_Manual33
0x0060	0x0BFC      	DECFSZ     R12, 1
0x0061	0x285E      	GOTO       L_Manual33
0x0062	0x0BFB      	DECFSZ     R11, 1
0x0063	0x285E      	GOTO       L_Manual33
0x0064	0x0000      	NOP
0x0065	0x0000      	NOP
;MyProject.c,82 :: 		for (count3; count3 >= 0; count3--)
0x0066	0x3001      	MOVLW      1
0x0067	0x02A6      	SUBWF      _count3, 1
0x0068	0x1C03      	BTFSS      STATUS, 0
0x0069	0x03A7      	DECF       _count3+1, 1
;MyProject.c,87 :: 		}
0x006A	0x2849      	GOTO       L_Manual30
L_Manual31:
;MyProject.c,88 :: 		portc = 0b00100001;
0x006B	0x3021      	MOVLW      33
0x006C	0x0087      	MOVWF      PORTC
;MyProject.c,89 :: 		count2 = 3;
0x006D	0x3003      	MOVLW      3
0x006E	0x00A4      	MOVWF      _count2
0x006F	0x3000      	MOVLW      0
0x0070	0x00A5      	MOVWF      _count2+1
;MyProject.c,90 :: 		}
L_Manual29:
L_Manual28:
;MyProject.c,91 :: 		}
L_end_Manual:
0x0071	0x0008      	RETURN
; end of _Manual
_Automatic:
;MyProject.c,26 :: 		void Automatic()
;MyProject.c,28 :: 		portd = 0b11111111;
0x0072	0x30FF      	MOVLW      255
0x0073	0x1283      	BCF        STATUS, 5
0x0074	0x1303      	BCF        STATUS, 6
0x0075	0x0088      	MOVWF      PORTD
;MyProject.c,29 :: 		for (i = 3; i >= 0; i--)
0x0076	0x3003      	MOVLW      3
0x0077	0x00A0      	MOVWF      _i
0x0078	0x3000      	MOVLW      0
0x0079	0x00A1      	MOVWF      _i+1
L_Automatic5:
0x007A	0x3080      	MOVLW      128
0x007B	0x0621      	XORWF      _i+1, 0
0x007C	0x00F0      	MOVWF      R0
0x007D	0x3080      	MOVLW      128
0x007E	0x0270      	SUBWF      R0, 0
0x007F	0x1D03      	BTFSS      STATUS, 2
0x0080	0x2883      	GOTO       L__Automatic37
0x0081	0x3000      	MOVLW      0
0x0082	0x0220      	SUBWF      _i, 0
L__Automatic37:
0x0083	0x1C03      	BTFSS      STATUS, 0
0x0084	0x2977      	GOTO       L_Automatic6
;MyProject.c,31 :: 		for (count = 9; count >= 0; count--)
0x0085	0x3009      	MOVLW      9
0x0086	0x00A2      	MOVWF      _count
0x0087	0x3000      	MOVLW      0
0x0088	0x00A3      	MOVWF      _count+1
L_Automatic8:
0x0089	0x3080      	MOVLW      128
0x008A	0x0623      	XORWF      _count+1, 0
0x008B	0x00F0      	MOVWF      R0
0x008C	0x3080      	MOVLW      128
0x008D	0x0270      	SUBWF      R0, 0
0x008E	0x1D03      	BTFSS      STATUS, 2
0x008F	0x2892      	GOTO       L__Automatic38
0x0090	0x3000      	MOVLW      0
0x0091	0x0222      	SUBWF      _count, 0
L__Automatic38:
0x0092	0x1C03      	BTFSS      STATUS, 0
0x0093	0x2972      	GOTO       L_Automatic9
;MyProject.c,33 :: 		if (porta.b1 == 0)
0x0094	0x1885      	BTFSC      PORTA, 1
0x0095	0x28A0      	GOTO       L_Automatic11
;MyProject.c,35 :: 		portb = 0;
0x0096	0x0186      	CLRF       PORTB
;MyProject.c,36 :: 		count2 = 3;
0x0097	0x3003      	MOVLW      3
0x0098	0x00A4      	MOVWF      _count2
0x0099	0x3000      	MOVLW      0
0x009A	0x00A5      	MOVWF      _count2+1
;MyProject.c,37 :: 		count3 = 3;
0x009B	0x3003      	MOVLW      3
0x009C	0x00A6      	MOVWF      _count3
0x009D	0x3000      	MOVLW      0
0x009E	0x00A7      	MOVWF      _count3+1
;MyProject.c,38 :: 		break;
0x009F	0x2972      	GOTO       L_Automatic9
;MyProject.c,39 :: 		}
L_Automatic11:
;MyProject.c,40 :: 		if ( (arr[i] + count) == 57 || (arr[i] + count) == 56)
0x00A0	0x0820      	MOVF       _i, 0
0x00A1	0x00F0      	MOVWF      R0
0x00A2	0x0821      	MOVF       _i+1, 0
0x00A3	0x00F1      	MOVWF      R0+1
0x00A4	0x0DF0      	RLF        R0, 1
0x00A5	0x0DF1      	RLF        R0+1, 1
0x00A6	0x1070      	BCF        R0, 0
0x00A7	0x0870      	MOVF       R0, 0
0x00A8	0x3E28      	ADDLW      _arr
0x00A9	0x0084      	MOVWF      FSR
0x00AA	0x0822      	MOVF       _count, 0
0x00AB	0x0700      	ADDWF      INDF, 0
0x00AC	0x00F1      	MOVWF      R1
0x00AD	0x0A84      	INCF       FSR, 1
0x00AE	0x0800      	MOVF       INDF, 0
0x00AF	0x1803      	BTFSC      STATUS, 0
0x00B0	0x3E01      	ADDLW      1
0x00B1	0x0723      	ADDWF      _count+1, 0
0x00B2	0x00F2      	MOVWF      R1+1
0x00B3	0x3000      	MOVLW      0
0x00B4	0x0672      	XORWF      R1+1, 0
0x00B5	0x1D03      	BTFSS      STATUS, 2
0x00B6	0x28B9      	GOTO       L__Automatic39
0x00B7	0x3039      	MOVLW      57
0x00B8	0x0671      	XORWF      R1, 0
L__Automatic39:
0x00B9	0x1903      	BTFSC      STATUS, 2
0x00BA	0x28D7      	GOTO       L__Automatic34
0x00BB	0x0820      	MOVF       _i, 0
0x00BC	0x00F0      	MOVWF      R0
0x00BD	0x0821      	MOVF       _i+1, 0
0x00BE	0x00F1      	MOVWF      R0+1
0x00BF	0x0DF0      	RLF        R0, 1
0x00C0	0x0DF1      	RLF        R0+1, 1
0x00C1	0x1070      	BCF        R0, 0
0x00C2	0x0870      	MOVF       R0, 0
0x00C3	0x3E28      	ADDLW      _arr
0x00C4	0x0084      	MOVWF      FSR
0x00C5	0x0822      	MOVF       _count, 0
0x00C6	0x0700      	ADDWF      INDF, 0
0x00C7	0x00F1      	MOVWF      R1
0x00C8	0x0A84      	INCF       FSR, 1
0x00C9	0x0800      	MOVF       INDF, 0
0x00CA	0x1803      	BTFSC      STATUS, 0
0x00CB	0x3E01      	ADDLW      1
0x00CC	0x0723      	ADDWF      _count+1, 0
0x00CD	0x00F2      	MOVWF      R1+1
0x00CE	0x3000      	MOVLW      0
0x00CF	0x0672      	XORWF      R1+1, 0
0x00D0	0x1D03      	BTFSS      STATUS, 2
0x00D1	0x28D4      	GOTO       L__Automatic40
0x00D2	0x3038      	MOVLW      56
0x00D3	0x0671      	XORWF      R1, 0
L__Automatic40:
0x00D4	0x1903      	BTFSC      STATUS, 2
0x00D5	0x28D7      	GOTO       L__Automatic34
0x00D6	0x28D8      	GOTO       L_Automatic14
L__Automatic34:
;MyProject.c,42 :: 		continue;
0x00D7	0x296D      	GOTO       L_Automatic10
;MyProject.c,43 :: 		}
L_Automatic14:
;MyProject.c,44 :: 		if ((arr[i] + count) > 53)
0x00D8	0x0820      	MOVF       _i, 0
0x00D9	0x00F0      	MOVWF      R0
0x00DA	0x0821      	MOVF       _i+1, 0
0x00DB	0x00F1      	MOVWF      R0+1
0x00DC	0x0DF0      	RLF        R0, 1
0x00DD	0x0DF1      	RLF        R0+1, 1
0x00DE	0x1070      	BCF        R0, 0
0x00DF	0x0870      	MOVF       R0, 0
0x00E0	0x3E28      	ADDLW      _arr
0x00E1	0x0084      	MOVWF      FSR
0x00E2	0x0822      	MOVF       _count, 0
0x00E3	0x0700      	ADDWF      INDF, 0
0x00E4	0x00F1      	MOVWF      R1
0x00E5	0x0A84      	INCF       FSR, 1
0x00E6	0x0800      	MOVF       INDF, 0
0x00E7	0x1803      	BTFSC      STATUS, 0
0x00E8	0x3E01      	ADDLW      1
0x00E9	0x0723      	ADDWF      _count+1, 0
0x00EA	0x00F2      	MOVWF      R1+1
0x00EB	0x3080      	MOVLW      128
0x00EC	0x00F0      	MOVWF      R0
0x00ED	0x3080      	MOVLW      128
0x00EE	0x0672      	XORWF      R1+1, 0
0x00EF	0x0270      	SUBWF      R0, 0
0x00F0	0x1D03      	BTFSS      STATUS, 2
0x00F1	0x28F4      	GOTO       L__Automatic41
0x00F2	0x0871      	MOVF       R1, 0
0x00F3	0x3C35      	SUBLW      53
L__Automatic41:
0x00F4	0x1803      	BTFSC      STATUS, 0
0x00F5	0x28F9      	GOTO       L_Automatic15
;MyProject.c,46 :: 		portc = 0b00010001;
0x00F6	0x3011      	MOVLW      17
0x00F7	0x0087      	MOVWF      PORTC
;MyProject.c,47 :: 		}
0x00F8	0x2952      	GOTO       L_Automatic16
L_Automatic15:
;MyProject.c,48 :: 		else if ((arr[i] + count) == 52)
0x00F9	0x0820      	MOVF       _i, 0
0x00FA	0x00F0      	MOVWF      R0
0x00FB	0x0821      	MOVF       _i+1, 0
0x00FC	0x00F1      	MOVWF      R0+1
0x00FD	0x0DF0      	RLF        R0, 1
0x00FE	0x0DF1      	RLF        R0+1, 1
0x00FF	0x1070      	BCF        R0, 0
0x0100	0x0870      	MOVF       R0, 0
0x0101	0x3E28      	ADDLW      _arr
0x0102	0x0084      	MOVWF      FSR
0x0103	0x0822      	MOVF       _count, 0
0x0104	0x0700      	ADDWF      INDF, 0
0x0105	0x00F1      	MOVWF      R1
0x0106	0x0A84      	INCF       FSR, 1
0x0107	0x0800      	MOVF       INDF, 0
0x0108	0x1803      	BTFSC      STATUS, 0
0x0109	0x3E01      	ADDLW      1
0x010A	0x0723      	ADDWF      _count+1, 0
0x010B	0x00F2      	MOVWF      R1+1
0x010C	0x3000      	MOVLW      0
0x010D	0x0672      	XORWF      R1+1, 0
0x010E	0x1D03      	BTFSS      STATUS, 2
0x010F	0x2912      	GOTO       L__Automatic42
0x0110	0x3034      	MOVLW      52
0x0111	0x0671      	XORWF      R1, 0
L__Automatic42:
0x0112	0x1D03      	BTFSS      STATUS, 2
0x0113	0x2917      	GOTO       L_Automatic17
;MyProject.c,50 :: 		portc = 0b00100001;
0x0114	0x3021      	MOVLW      33
0x0115	0x0087      	MOVWF      PORTC
;MyProject.c,51 :: 		}
0x0116	0x2952      	GOTO       L_Automatic18
L_Automatic17:
;MyProject.c,52 :: 		else if ((arr[i] + count) == 35)
0x0117	0x0820      	MOVF       _i, 0
0x0118	0x00F0      	MOVWF      R0
0x0119	0x0821      	MOVF       _i+1, 0
0x011A	0x00F1      	MOVWF      R0+1
0x011B	0x0DF0      	RLF        R0, 1
0x011C	0x0DF1      	RLF        R0+1, 1
0x011D	0x1070      	BCF        R0, 0
0x011E	0x0870      	MOVF       R0, 0
0x011F	0x3E28      	ADDLW      _arr
0x0120	0x0084      	MOVWF      FSR
0x0121	0x0822      	MOVF       _count, 0
0x0122	0x0700      	ADDWF      INDF, 0
0x0123	0x00F1      	MOVWF      R1
0x0124	0x0A84      	INCF       FSR, 1
0x0125	0x0800      	MOVF       INDF, 0
0x0126	0x1803      	BTFSC      STATUS, 0
0x0127	0x3E01      	ADDLW      1
0x0128	0x0723      	ADDWF      _count+1, 0
0x0129	0x00F2      	MOVWF      R1+1
0x012A	0x3000      	MOVLW      0
0x012B	0x0672      	XORWF      R1+1, 0
0x012C	0x1D03      	BTFSS      STATUS, 2
0x012D	0x2930      	GOTO       L__Automatic43
0x012E	0x3023      	MOVLW      35
0x012F	0x0671      	XORWF      R1, 0
L__Automatic43:
0x0130	0x1D03      	BTFSS      STATUS, 2
0x0131	0x2935      	GOTO       L_Automatic19
;MyProject.c,54 :: 		portc = 0b00001010;
0x0132	0x300A      	MOVLW      10
0x0133	0x0087      	MOVWF      PORTC
;MyProject.c,55 :: 		}
0x0134	0x2952      	GOTO       L_Automatic20
L_Automatic19:
;MyProject.c,56 :: 		else if ((arr[i] + count) == 32)
0x0135	0x0820      	MOVF       _i, 0
0x0136	0x00F0      	MOVWF      R0
0x0137	0x0821      	MOVF       _i+1, 0
0x0138	0x00F1      	MOVWF      R0+1
0x0139	0x0DF0      	RLF        R0, 1
0x013A	0x0DF1      	RLF        R0+1, 1
0x013B	0x1070      	BCF        R0, 0
0x013C	0x0870      	MOVF       R0, 0
0x013D	0x3E28      	ADDLW      _arr
0x013E	0x0084      	MOVWF      FSR
0x013F	0x0822      	MOVF       _count, 0
0x0140	0x0700      	ADDWF      INDF, 0
0x0141	0x00F1      	MOVWF      R1
0x0142	0x0A84      	INCF       FSR, 1
0x0143	0x0800      	MOVF       INDF, 0
0x0144	0x1803      	BTFSC      STATUS, 0
0x0145	0x3E01      	ADDLW      1
0x0146	0x0723      	ADDWF      _count+1, 0
0x0147	0x00F2      	MOVWF      R1+1
0x0148	0x3000      	MOVLW      0
0x0149	0x0672      	XORWF      R1+1, 0
0x014A	0x1D03      	BTFSS      STATUS, 2
0x014B	0x294E      	GOTO       L__Automatic44
0x014C	0x3020      	MOVLW      32
0x014D	0x0671      	XORWF      R1, 0
L__Automatic44:
0x014E	0x1D03      	BTFSS      STATUS, 2
0x014F	0x2952      	GOTO       L_Automatic21
;MyProject.c,58 :: 		portc = 0b00001100;
0x0150	0x300C      	MOVLW      12
0x0151	0x0087      	MOVWF      PORTC
;MyProject.c,59 :: 		}
L_Automatic21:
L_Automatic20:
L_Automatic18:
L_Automatic16:
;MyProject.c,60 :: 		portb = arr[i] + count;
0x0152	0x0820      	MOVF       _i, 0
0x0153	0x00F0      	MOVWF      R0
0x0154	0x0821      	MOVF       _i+1, 0
0x0155	0x00F1      	MOVWF      R0+1
0x0156	0x0DF0      	RLF        R0, 1
0x0157	0x0DF1      	RLF        R0+1, 1
0x0158	0x1070      	BCF        R0, 0
0x0159	0x0870      	MOVF       R0, 0
0x015A	0x3E28      	ADDLW      _arr
0x015B	0x0084      	MOVWF      FSR
0x015C	0x0822      	MOVF       _count, 0
0x015D	0x0700      	ADDWF      INDF, 0
0x015E	0x0086      	MOVWF      PORTB
;MyProject.c,61 :: 		delay_ms(1000);
0x015F	0x300B      	MOVLW      11
0x0160	0x00FB      	MOVWF      R11
0x0161	0x3026      	MOVLW      38
0x0162	0x00FC      	MOVWF      R12
0x0163	0x305D      	MOVLW      93
0x0164	0x00FD      	MOVWF      R13
L_Automatic22:
0x0165	0x0BFD      	DECFSZ     R13, 1
0x0166	0x2965      	GOTO       L_Automatic22
0x0167	0x0BFC      	DECFSZ     R12, 1
0x0168	0x2965      	GOTO       L_Automatic22
0x0169	0x0BFB      	DECFSZ     R11, 1
0x016A	0x2965      	GOTO       L_Automatic22
0x016B	0x0000      	NOP
0x016C	0x0000      	NOP
;MyProject.c,62 :: 		}
L_Automatic10:
;MyProject.c,31 :: 		for (count = 9; count >= 0; count--)
0x016D	0x3001      	MOVLW      1
0x016E	0x02A2      	SUBWF      _count, 1
0x016F	0x1C03      	BTFSS      STATUS, 0
0x0170	0x03A3      	DECF       _count+1, 1
;MyProject.c,62 :: 		}
0x0171	0x2889      	GOTO       L_Automatic8
L_Automatic9:
;MyProject.c,29 :: 		for (i = 3; i >= 0; i--)
0x0172	0x3001      	MOVLW      1
0x0173	0x02A0      	SUBWF      _i, 1
0x0174	0x1C03      	BTFSS      STATUS, 0
0x0175	0x03A1      	DECF       _i+1, 1
;MyProject.c,63 :: 		}
0x0176	0x287A      	GOTO       L_Automatic5
L_Automatic6:
;MyProject.c,64 :: 		}
L_end_Automatic:
0x0177	0x0008      	RETURN
; end of _Automatic
_main:
0x0178	0x3003      	MOVLW      3
0x0179	0x1283      	BCF        STATUS, 5
0x017A	0x1303      	BCF        STATUS, 6
0x017B	0x00A0      	MOVWF      _i
0x017C	0x01A1      	CLRF       33
0x017D	0x3009      	MOVLW      9
0x017E	0x00A2      	MOVWF      _count
0x017F	0x01A3      	CLRF       35
0x0180	0x3003      	MOVLW      3
0x0181	0x00A4      	MOVWF      _count2
0x0182	0x01A5      	CLRF       37
0x0183	0x3003      	MOVLW      3
0x0184	0x00A6      	MOVWF      _count3
0x0185	0x01A7      	CLRF       39
0x0186	0x01A8      	CLRF       _arr
0x0187	0x01A9      	CLRF       41
0x0188	0x3010      	MOVLW      16
0x0189	0x00AA      	MOVWF      42
0x018A	0x01AB      	CLRF       43
0x018B	0x3020      	MOVLW      32
0x018C	0x00AC      	MOVWF      44
0x018D	0x01AD      	CLRF       45
0x018E	0x3030      	MOVLW      48
0x018F	0x00AE      	MOVWF      46
0x0190	0x01AF      	CLRF       47
;MyProject.c,8 :: 		void main() {
;MyProject.c,9 :: 		ADCON1 = 0x07;
0x0191	0x3007      	MOVLW      7
0x0192	0x1683      	BSF        STATUS, 5
0x0193	0x009F      	MOVWF      ADCON1
;MyProject.c,10 :: 		trisb = 0b00000000;
0x0194	0x0186      	CLRF       TRISB
;MyProject.c,11 :: 		trisc = 0b00000000;
0x0195	0x0187      	CLRF       TRISC
;MyProject.c,12 :: 		trisd = 0b00000000;
0x0196	0x0188      	CLRF       TRISD
;MyProject.c,13 :: 		trisa = 0b11111111;
0x0197	0x30FF      	MOVLW      255
0x0198	0x0085      	MOVWF      TRISA
;MyProject.c,14 :: 		for(;;){
L_main0:
;MyProject.c,15 :: 		if (porta.b1 == 1)
0x0199	0x1283      	BCF        STATUS, 5
0x019A	0x1C85      	BTFSS      PORTA, 1
0x019B	0x299E      	GOTO       L_main3
;MyProject.c,17 :: 		Automatic();
0x019C	0x2072      	CALL       _Automatic
;MyProject.c,18 :: 		}
0x019D	0x299F      	GOTO       L_main4
L_main3:
;MyProject.c,21 :: 		Manual();
0x019E	0x2016      	CALL       _Manual
;MyProject.c,22 :: 		}
L_main4:
;MyProject.c,23 :: 		}
0x019F	0x2999      	GOTO       L_main0
;MyProject.c,25 :: 		}
L_end_main:
0x01A0	0x29A0      	GOTO       $+0
; end of _main
Symbol List:
//** Routines locations **
//ADDRESS    SIZE    PROCEDURE
//----------------------------------------------
0x0003       [7]    _____DoICP
0x000A      [12]    ___CC2DW
0x0016      [92]    _Manual
0x0072     [262]    _Automatic
0x0178      [41]    _main
//** Variables locations ** 
//ADDRESS    SIZE    VARIABLE
//----------------------------------------------
0x0000       [1]    INDF
0x0002       [1]    PCL
0x0003       [1]    STATUS
0x0004       [1]    FSR
0x0005       [1]    PORTA
0x0006       [1]    PORTB
0x0007       [1]    PORTC
0x0008       [1]    PORTD
0x000A       [1]    PCLATH
0x0020       [2]    _i
0x0022       [2]    _count
0x0024       [2]    _count2
0x0026       [2]    _count3
0x0028       [8]    _arr
0x0030       [2]    ___DoICPAddr
0x0070       [1]    R0
0x0071       [1]    R1
0x0072       [1]    R2
0x0073       [1]    R3
0x0074       [1]    R4
0x0075       [1]    R5
0x0076       [1]    R6
0x0077       [1]    R7
0x0078       [1]    R8
0x0079       [1]    R9
0x007A       [1]    R10
0x007B       [1]    R11
0x007C       [1]    R12
0x007D       [1]    R13
0x007E       [1]    R14
0x007F       [1]    R15
0x0085       [1]    TRISA
0x0086       [1]    TRISB
0x0087       [1]    TRISC
0x0088       [1]    TRISD
0x009F       [1]    ADCON1
